AccountsManager: история версий

Версия 1.51:
• Интеграция проекта в систему Deployment packages: добавдены универсальные интерфейсы
  локализации, фоновых процессов, контроля версии приложения, справки и поддержки;
• Частично изменена айдентика приложения;
• Имплементировано разделение путей ключа базы данных и файла базы данных: изменение
  расчитано на раздельное (в том числе – на разных носителях) хранение базы и ключа к ней;
• Собственные настройки приложения теперь хранятся в реестре Windows;
• Имплементирована система скриптов приложения: теперь доступен функционал обновления
  и создания пустой базы данных с помощью внешних сценариев;

Версия 1.36:
• Добавлены автоматические переходы между основными полями ввода по клавише Enter в
  интерфейсах, требующих ввода большого количества информации;
• Добавлено закрытие форм ввода по клавише Esc;
• При работе с клавиатуры выбор значений из справочника по клавише Enter теперь
  выполняется корректно.

Версия 1.35:
• Добавлен конструктор кассового плана;
• Добавлена функция равномерного (с выводом остатка на последний месяц) распределения
  ЛБО по годовому кассовому плану;
• Добавлен наблюдатель без кода бюджетирования (сокращённый вид);
• В полную динамику ЛБО (отчёт) добавлен столбец первичных ЛБО.

Версия 1.34:
• Устранена фатальная ошибка при работе с интерфейсом кассового плана;
• Устранена скрытая ошибка при работе с интерфейсом оплаты счетов;
• Исправлено выравнивание сумм в интерфейсе просмотра наблюдателей;
• Скрыты ошибки, связанные с работой «Корзины», проявляющиеся при некорректной системной 
  дате (ввиду необязательности этого инструмента в текущей концепции);
• Устранена ошибка при добавлении записей в «Корзину» при неправильной системной дате:
  такие записи в корзину попадать не будут до исправления системной даты;
• Сортировка по номеру документа в наблюдателе видов расходов теперь выполняется
  корректно;
• Добавлено выделение суммовой строки в интерфейсе редактирования документов ЛБО;
• Текущая редактируемая строка в интерфейсе документа ЛБО теперь будет оставаться
  выделенной после изменения (экспериментальная функция; если будет работать
  корректно, добавим в остальные интерфейсы);
• В интерфейсе детализации ЛБО вместо кода вида работ в заголовке окна теперь
  отображается текстовая расшифровка вида работ;
• Исправлены подписи к некоторым элементам управления в интерфейсе детализации ЛБО;
• Оптимизирован общий интерфейс доступа к таблицам и справочникам;
• При запросе расшифровки из другого документа ЛБО теперь автоматически
  устанавливается фильтрация по текущему коду вида работ;
• В интерфейсе детализации ЛБО добавлено округление суммы до 100 рублей вверх и вниз,
  а также предпросмотр этой суммы;
• В интерфейсе детализации ЛБО добавлено отображение расшифровываемой суммы,
  переданной из интерфейса ЛБО (если сумма была указана ранее, но не была расшифрована);
• Длина наименования (комментария) расшифровки ЛБО) увеличена до 150 символов;
• Прекращена поддержка версий базы данных 1.23 – 1.30;
• Неоплаченные и частично оплаченные периоды контрактов теперь помечаются в списке
  в интерфейсе оформления счёта словами «НЕ ОПЛ.» и «НЕПОЛН.» соответственно;
• Название детализации теперь предзаполняется по названию кода вида работ;
• Добавлена возможность изменения размера окна редактирования контрактов.

Версия 1.33:
• Устранены ошибки, не допускавшие множественное удаление записей из справочников;
• Добавлены обработки клавиш Enter (изменение), Delete (удаление), Insert (добавление),
  Пробел (дублирование или конструктор), Escape (выход) в таблицы просмотра справочников
  и счетов, а также в некоторые интерфейсы;
• Обновлён интерфейс редактирования документов ЛБО;
• Форма просмотра ошибок загрузки справочников из файлов теперь может менять размеры;
• Добавлены всплывающие подсказки с расшифровками кодов видов работ в конструкторы
  контрактов и ЛБО;
• Исправлено поведение наблюдателя ЛБО (ориентация на дату ВВЕДЕНИЯ в действие).

Версия 1.32:
• К таблице кассового плана подключена «Корзина»;
• Добавлена возможность выбрать все отфильтрованные записи в таблице одним действием;
• Исправлено выравнивание полей в конструкторе документов;
• Исправлен список случаев появления надписи «расшифровка прилагается» в поле комментария
  ЛБО;
• В заголовок окна интерфейса детализации ЛБО добавлен код вида работ;
• Исправлено отображение описания кода вида работ при его выборе;
• Исправлено некорректное поведение быстрого просмотра счетов при отсутствии привязки к
  контракту;
• Основная дата для обработки ЛБО в наблюдателях изменена с даты создания на дату введения.

Версия 1.31:
• Добавлена альфа-версия кассового плана (пока без режима уточнения);
• Ускорена работа некоторых интерфейсов;
• Заблокированы лишние кнопки закрытия окон в некоторых интерфейсах.

Версия 1.30:
• Исправлена ошибка расчёта суммовых полей контрактов, приводившая к сбоям при удалении и
  добавлении счетов;
• Исправлено поведение интерфейса конструктора контрактов / ЛБО: поле для отображения
  текстовых расшифровок кодов видов работ теперь разворачивается вместе с окном; убраны
  запятые в кодах видов работ;
• Выполнено выравнивание суммовых полей по правому краю в интерфейсах создания документов
  ЛБО и детализации ЛБО;
• Исправлена передача полей детализации на редактирование в интерфейсе детализации ЛБО
  (поле коррекции заполнялось некорректно);
• Исправлена ошибка, возникавшая при запросе наблюдателя ЛБО при наличии копеек в суммах;
• Исправлено поведение наблюдателей: колонки автоматически принимают такую ширину, чтобы их
  содержимое было видно без необходимости ручного расширения; возможность изменять ширину
  столбцов при этом сохранена;
• Остановлена поддержка всех версий программы до 1.22 включительно.

Версия 1.29:
• Убраны множественные сообщения об ошибках при добавлении кодов видов работ в конструкторе,
  контрактов, когда они не находятся на нижнем уровне иерархии;
• Добавлена сумма «без коррекции» в интерфейс расшифровок ЛБО;
• При добавлении расшифровки значением по умолчанию для текстового поля расшифровки теперь
  является «расшифровка прилагается»;
• Реализован множественный выбор в полях интерфейса конструктора контрактов и ЛБО;
• В конструкторе контрактов и ЛБО удаление позиций теперь доступно по клавише Delete, а
  добавление – по клавише Insert;
• Косвенно добавлена функция пересчёта формы без её закрытия: режим редактирования записей
  снабжён флагом «редактирования до отмены», что позволяет применять изменения при необходимости,
  не закрывая окно редактирования; может некорректно работать при наличии сортировки в окне
  просмотра таблицы;
• В конструкторе контрактов и ЛБО добавлены текстовые расшифровки кодов видов работ;
• Реализован запрос копии расшифровок ЛБО из указанного пользователем ранее созданного ЛБО; 
  нужный ЛБО может быть выбран из интерфейса детализации;
• В детализации теперь разрешены отрицательные суммовые значения.

Версия 1.28:
• Обновлены границы полей ввода дат;
• Добавлена защита от повторного срабатывания кнопок в интерфейсе детализации ЛБО;
• Улучшен поиск в интерфейсах создания счетов и просмотра событий базы данных;
• В описание счёта, запрашиваемое при быстром просмотре, добавлен внутренний номер контракта;
• В таблице реестра контрактов теперь доступна общая сумма по каждому контракту, а также
  остаток по платежам (ожидаемая сумма);
• Исправлена сортировка в таблице счетов; отображение счетов в таблице переработано;
• Добавлен механизм контроля «проблемных счетов» – счетов, чьё состояние становится
  неопределённым при изменении котнрактов, к которым они привязаны. В таблице счетов такие
  случаи теперь можно отслеживать по столбцу «!» и путём фильтрации. Удаление контрактов,
  имеющих связанные счета, по-прежнему невозможно. Поиск связанных счетов возможен из
  интерфейса просмотра контракта при выборе периода;
• В интерфейсе редактирования контрактов изменение периодов назначено на двойной щелчок;
• Скорректирован интерфейс просмотра контрактов;
• Теперь программа инициирует пересчёт показателей контракта и при удалении счетов;
• Кнопка «Детализация» в интерфейсе редактирования документа теперь работает корректно.

Версия 1.27:
• Исправлен сбой при входе в пустой интерфейс детализации ЛБО;
• Доступен множественный выбор строк в интерфейсах редактирования справочников, интерфейсе создания
  документов ЛБО и контрактов; в случае вызова функции изменения записи при множественном выборе
  обрабатываться будет последняя выбраннная строка;
• Исправлен порядок сортировки кодов видов работ в конструкторе контрактов;
• В конструкторе контрактов исправлена ширина столбцов сумм;
• Добавлено изменение размера окна в интерфейсе детализации ЛБО;
• Добавлено ещё два показателя типа «объём» в детализацию ЛБО;
• Расширен диапазон коррекции в расшифровке;
• В расшифровке ЛБО возврат значений полей в редакцию перенесён на двойной щелчок;
• При успешном добавлении строки расшифровки теперь выполняется сброс полей на значения по
  умолчанию;
• В интерфейсе редактирования документа ЛБО изменение ЛБО добавлено на двойной щелчок;
• Кнопка детализации добавлена в интерфейс редактирования документа ЛБО (в дополнение к интерфейсу
  ЛБО);
• В интерфейсе создания счетов добавлен поиск по названию периода и кода вида работ.

Версия 1.26:
• Добавлена возможность прикрепления развёрнутой расшифровки к ЛБО;
• Исправлено некорректное вычисление суммы документа ЛБО при его редактировании.

Версия 1.25:
• В интерфейс просмотра счетов добавлен фильтр «контрактные / безконтрактные счета».

Версия 1.24b:
• Добавлена возможность выбора формата имени периода в конструкторе контрактов;
• Исправлен сбой в работе интерфейсов создания контрактов и документов ЛБО (отказ при попытке
  сохранения; появился при переходе на версию 1.24);
• Отсутствие корректного переноса изменений в уже созданном контракте на уже связанные с ним счета
  на данный момент имеет место быть, и решение будет нескоро. На этот случай предусмотрена ручная
  правка счетов и фильтрация счетов по номеру контракта. Сложность заключается в том, что
  автоматическая обработка таких обновлений контрактов, как удаление / изменение периодов, практически
  невозможна (программа не может знать, куда следует перепривязать счёт, а интерфейс пользователя,
  позволяющий управлять этим процессом, пока не особо поддаётся проектированию). Соответственно,
  ручная обработка таких модификаций является наиболее безопасным решением с точки зрения целостности
  данных;
• Выявлена особенность поведения интерфейса создания счетов: счета, содержащие ссылки на удалённые
  элементы справочников и / или удалённые / изменённые контракты, не отображаются в списке счетов.
  Возможно, в дальнейшем это удастся использовать.

Версия 1.24:
• Исправлено заполнение названий периодов при создании из-под конструктора контрактов;
• Исправлен дефект, из-за которого после нескольких открытий табличных форм послепенно
  менялась ширина столбцов;
• Исправлено отображение счетов, не привязанных к контрактам, в общем списке счетов. При этом
  пришлось отключить отображение внутреннего номера контракта ввиду временных технических
  сложностей (выбираем меньшее из зол);
• Теперь при добавлении периода в конструкторе автоматически меняется дата в поле ввода периода
  (плюс один месяц); добавление периода теперь возможно по нажатию клавиши Enter;
• Добавлена возможность выбора года целиком в интерфейсе конструктора контракта;
• Реализована возможность множественного добавления групп позиций с помощью конструктора при
  создании контракта путём последовательного вызова нескольких конструкторов;
• В конструкторе контрактов теперь отображается промежуточная сумма полей;
• Добавлен конструктор форм ЛБО с возможностью множественного выбора видов работ, аналогичный
  конструктору контрактов;
• Исправлено отображение сумм (копеек) при формировании контрактов;
• Добавлено отображение фактической и плановой сумм в описание кода расхода при создании счёта;
  добавлено отображение промежуточного отклонения (план минус факт минус текущая введённая сумма);
• Добавлено поле «Пользователь» в таблицы «Счета», «Контракты» и «Документы ЛБО», содержащее
  имя пользователя, создавшего документ, или пользователя, который последним его редактировал;
• Добавлен режим (флаг) черновика в интерфейс работы с контрактами. Контракты, в которых установлен
  этот флаг, будут недоступны в интерфейсе создания счетов;
• В список контрактов добавлена «область влияния».

Версия 1.23:
• Выполнено выравнивание сумм по правой стороне;
• В области влияния документа теперь выводится только вид расходов и КОСГУ;
• Область влияния контракта снабжена всплывающей подсказкой;
• Изменены имена первых столбцов наблюдателя, в том числе, «Из них – коррекция», на ТЕКУЩИЕ
  (ФАКТИЧЕСКИЕ) ЛБО (столбец 1), ИЗМЕНЕНИЯ ЛБО (столбец 2), ПЕРВИЧНЫЕ ЛБО (столбец 3);
• Заменено название кнопки конструктора контрактов с «Сформировать контракт» на «Заполнить данные»;
• Исправлен размер поля описания в интерфейсе создания счёта;
• Реализован механизм множественного выбора видов расходов в конструкторе контрактов;
• Исправлена некорректная сортировка записей по датам в таблице счетов.

Версия 1.22:
• Исправлен скрытый дефект, возникающий при неправильном вводе дат в некоторых полях интерфейсов;
• Исправлен дефект конструктора контрактов, возникающий, если количество дат в списке больше
  количества кодов;
• Исправлен выбор полей в таблице конструктора контрактов: теперь выбирается и сразу же
  редактируется одна ячейка, а не целая строка;
• Изменён порядок отображения полей в таблице конструктора: теперь строками являются периоды
  контракта, а столбцами – виды работ;
• Интерфейс конструктора теперь имеет изменяемые размеры;
• Интерфейс конструктора теперь позволяет задать начальные значения для всех ячеек предварительной
  таблицы сумм.

Версия 1.21:
• В наблюдатели ЛБО и динамики ЛБО добавлен столбец, содержащий суммы коррекций ЛБО (без
  первичных сумм);
• Добавлено создание записей в справочниках и основных режимах путём дублирования;
• Добавлен конструктор контрактов;
• Оптимизирован выбор периода контракта в интерфейсе создания счетов.

Версия 1.20:
• Прекращена поддержка версий старше 1.17;
• Исправлен дефект расчёта полей периодов контрактов в случаях, когда отличаются только коды
  видов работ;
• Добавлена подсказка в интерфейс создания счёта об имеющемся плане по связанному с ним контракту;
• Устранён запрет на корректировку имён вышестоящих кодов при наличии вложенных; однако изменять
  сами коды, если в них уже есть вложенные, по-прежнему запрещено (программа будет предупреждать
  о попытке выполнить такую корректировку, а поля кодов в интерфейсе редактирования будут
  заблокированы);
• Улучшен и дополнен интерфейс работы с платёжными периодами, устранена потенциальная проблема при
  возникновении краевых условий;
• В таблице счетов теперь доступна колонка описания кода вида работ, а также добавлен внутренний 
  номер контракта в качестве примечания к его реестровому номеру;
• Добавлено поле «Область влияния» в таблицу «Документы ЛБО», содержащее коды видов работ, 
  затронутые документом;
• Добавлен флаг первичности документа в таблицу «Документы ЛБО».

Версия 1.19d:
• Исправление дефектов функциональности.
 
Версия 1.19:
• Добавлена возможность выбора нескольких кодов расходов для одного контракта;
• В период контракта добавлено поле названия; поле далы выступает в роли идентификатора для
  корректной сортировки;
• Добавлена возможность указания вида закупок для бесконтрактных счетов;
• Добавлена функция удаления старых записей из «корзины».

Версия 1.18:
• Добавлена фильтрация счетов по контракту;
• Добавлено отображение количества записей в таблице для текущего фильтра и диапазона дат;
• Исправлено отображение названий платёжных периодов в интерфейсе редактирования контрактов;
• Исправлена ошибка обработки краевых условий в интерфейсе добавления периода контракта;
• Добавлен просмотр расшифровки суммы «Факт» платёжного периода в интерфейсе создания контракта;
• Обновлён и унифицирован интерфейс быстрого просмотра контракта.

Версия 1.17:
• Добавлена «корзина записей»: в разделе «Журнал» теперь доступен просмотр записей, удалённых
  из базы данных;
• Небольшие корректировки в интерфейсе программы и внутреннем функционале;
• Обновление файла справки в связи с новыми функциями.

АДАПТАЦИЯ АНАЛИТИЧЕСКОГО ФУНКЦИОНАЛА ЗАВЕРШЕНА. ВОЗВРАТ К ОСНОВНЫМ ВЕРСИЯМ

Версия 1.16:
• Исправлена ошибка при добавлении новых контрактов: теперь поля «Сальдо» и «Конечные»
  рассчитываются корректно;
• Исправлено поведение интерфейсов в режиме выбора записей: теперь доступен выбор по двойному
  клику;
• Исправлено поведение интерфейса обзора таблицы: при удалении группы записей процесс
  прерывается при первой ошибке удаления, чтобы не возвращать пользователю все ошибки подряд;
• Описание ошибки, при которой пользователь пытается указать значение поля, отсутствующее в
  списке (справочнике), привязанном к данному полю (например, поле вида закупки), изменено на
  «одно из указанных значений отсутствует в списке (справочнике) допустимых для своего поля»;
• Отключено подтверждение обновления записей и отмены изменений (с целью ускорения их
  вызова и просмотра);
• Разрешено подписание контракта «задним числом»;
• Обновлены признаки обязательности для заполнения для всех полей всех интерфейсов;
  необязательные поля в случае пропуска заполняются символом «—»;
• Сумма ЛБО в документе ЛБО перенесена в общий список ЛБО документа;
• Скорректирована сортировка периодов в интерфейсе создания контракта;
• Скорректировано отображение сумм в таблицах обзора справочников;
• Добавлен вариант формирования наблюдателя, в котором отображаются только коды расходов
  верхних уровней;
• Применены некоторые улучшения к интерфейсам программы.

Версия 1.15:
• Запущен расчёт полей «фактические», «ожидаемые», «сальдо» и «конечные» в таблице расходов при
  обновлении состояния счетов и контрактов. Работает только с оплаченными счетами. Результат
  может быть проверен в интерфейсе добавления / изменения контракта (пока только здесь);
• Устранены некоторые дефекты интерфейсов и функций.

Версия 1.14:
• Изменена концепция хранения данных о расходах по контрактам;
• Изменены интерфейсы создания счетов и контрактов: добавлены поля, устанавливающие взаимосвязи
  между записями этих таблиц;
• Выполнены дополнительные изменения в структурах таблиц в целях расширения возможностей
  и стабильности интерфейсов.

Версия 1.13:
• Прекращена поддержка версий старше 1.10;
• Сформированы оснастка и интерфейс для работы со вспомогательной таблицей «Расходы» (тестовый
  режим).

Версия 1.12:
• Таблица контрактов расширена полями «Внутренний номер» и «Вид закупок», а также вторым полем,
  задающим диапазон действия контракта. Старая таблица при этом обновлении будет удалена;
• Изменена логика интерфейса «Счета»: теперь есть возможность устанавливать вид расходов как
  вручную, так и путём передачи из сопоставленного контракта. Вид закупок теперь не может быть
  установлен из этого интерфейса и определяется прикреплённым контрактом. Если контракт не задан,
  вид расходов указывается пользователем вручную.

Версия 1.11:
• Добавлен интерфейс работы с контрактами;
• Проведены незначительные ревизии остальных интерфейсов.

ПЕРЕХОДНЫЕ ВЕРСИИ АДАПТАЦИИ АНАЛИТИЧЕСКОГО ФУНКЦИОНАЛА

Версия 1.10:
• Программа переименована в AccountsManager; добавлено автоматическое переименование компонентов
  программы до новых требований;
• Устранена блокировка приложения при истечении срока валидности. Теперь при истечении срока
  отображается только информационное сообщение;
• Повышена информативность сообщений системы обновления. В частности, в случае обновления базы
  данных до новой версии программы пользователь будет извещён об успехе или ошибке обновления;
• Обновлена система хранения конфигурации программы: теперь база данных полностью отвязана от
  расположения программы (ранее перенос базы данных приводил к выходу её из строя); пара файлов
  sdf-sdx может быть размещена в любом каталоге, в т.ч. сетевом; кроме того, улучшена защита
  файлов конфигурации;
• Определена причина, по которой при полном удалении записей из таблицы видов расходов в
  некоторых случаях группа записей не удаляется сразу. Это связано с особенностями реакции среды
  исполнения на комбинацию [Ctrl] + [A] (выделить все), которая при произвольной выбранной строке
  инициирует некорректное формирование порядка удаления записей. При необходимости очистки таблицы
  рекомендуется сначала встать в самое верхнее её поле, после чего воспользоваться данной
  комбинацией клавиш;
• В файлах выгрузки / загрузки справочников добавлена поддержка названий столбцов: при выгрузке
  они сохраняются в файл, а при загрузке игнорируются программой;
• Исправлена ошибка, возникавшая при добавлении документов новых ЛБО;
• Исправлены погрешности в работе некоторых интерфейсов;
• Скорректирована работа наблюдателя ЛБО: теперь диапазон дат наблюдения распространяется и на
  учитываемый остаток ЛБО;
• Исправлена некорректная сортировка счетов по порядковому номеру;
• Обновлён интерфейс добавления ЛБО в документ ЛБО; иправлена логика работы интерфейса добавления /
  изменения документов ЛБО; устранена потенциальная уязвимость интерфейса;
• Добавлена возможность выбора значения «не задано» для поля налога при работе со счётом;
• Добавлена возможность отображения исключительно ненулевых позиций в наблюдателях (без их
  иерархий);
• Добавлена возможность скрытия пустых столбцов в диапазонных наблюдателях;
• Изменено поведение интерфейса отчётов и документов: разрешено произвольное изменение ширины
  столбцов, первые три столбца всегда зафиксированы и отображаются при прокрутке по горизонтали;
• Усилен контроль корректности ввода кода вида расходов при оформлении счетов и документов ЛБО.

Версия 1.9:
• Улучшена работа со справочниками и таблицами: вместо подсветки записи по порядковому номеру в
  таблице теперь подсвечивается последняя добавленная или изменённая запись;
• Добавлена настройка фильтрации «И / ИЛИ»;
• Добавлена расширенная фильрация в таблицах справочников и в таблице ЛБО;
• Добавлено сохранение последней выбранной записи в таблице; при следующем просмотре таблицы
  будет автоматически подсвечена последняя выбранная запись; при изменении столбца и
  направления сортировки данная опция пока не работает;
• Незначительно изменена схема хранения данных; с точки зрения пользователя изменение
  незаметно;
• В информацию о документе ЛБО добавлены поля «Дата введения», «Название документа», «Сумма
  документа»; последнее рассчитывается программой автоматически;
• Добавлена возможность изменения размеров окна редактирования ЛБО;
• Добавлена фильтрация при формировании печатной версии документа ЛБО;
• Возвращён фильтр по коду сметы в наблюдателях; на данный момент работает медленнее
  остальных фильтров;
• Добавлен механизм ограничения срока использования программы (экспериментально).

Версия 1.8:
• Устранён потенциальный дефект отображения интерфейсов программы при запуске на операционных
  системах с изменёнными настройками масштабирования шрифтов;
• Добавлен комплексный фильтр (по нескольким параметрам) в таблице счетов;
• Кнопка «Просмотр» удалена из формы создания / изменения документа ЛБО; вместо неё введена
  функция получения печатной версии документа путём двойного клика на требуемой строке в списке
  документов ЛБО.

Версия 1.7:
• Добавлена возможность замены выбранной позиции в документе ЛБО без удаления и повторного
  добавления;
• Добавлена функция автоматического обновления старых версий баз данных (не старше 1.6.59.144).
  Обновление (если оно возможно) выполняется сразу при запуске программы. Теперь приложение при
  его обновлении можно просто заменить, не выполняя никаких манипуляций с базой данных;
• Добавлена возможность формирования короткой печатной версии документа ЛБО;
• Реализована загрузка и выгрузка справочников;
• Добавлен отчёт по динамике ЛБО по отдельному виду расходов с расшифровками позиций ЛБО;
• Добавлен отчёт по полной динамике ЛБО;
• Исправлен дефект вызова некоторых интерфейсов, связанный с временнЫм ограничением
  непрерывного функционирования тестовых версий программы;
• Исправлено ограничение, не позволявшее просматривать ЛБО во временных диапазонах, в которых
  не было оплаченных счетов;
• Устранена потенциальная уязвимость иерархии кодов бюджетирования: изменение параметров
  промежуточных (вышестоящих) кодов теперь запрещено при наличии вложенных кодов;
* Примечание: база данных поддерживает каскадное обновление записей. Т.е. при изменении любой
  записи все записи, использующие изменённую, автоматически обновляются согласно внесённым
  изменениям. В данной версии обновление происходит без дополнительных оповещений;
• Исправлена визуализация счетов (восстановлено корректное отображение сумм);
• Исправлен подсчёт гросс-итоговых полей в печатной версии документа ЛБО.

Версия 1.6:
• Добавлена функция быстрого (конвейерного) заполнения таблиц;
• Добавлен годовой наблюдатель расходов;
• Добавлен контроль версий файлов баз данных на предмет несовместимости;
• Добавлена функция кеширования статей расходов: теперь в периоды отсутствия изменений в них
  формирование наблюдателя заметно ускорится;
• Добавлена возможность сохранения документа ЛБО в файл (аналогично наблюдателям);
• Устранены мелкие погрешности в работе интерфейсов.

Версия 1.5:
• Скорректировано отображение счетов в таблице счетов;
• Добавлен наблюдатель ЛБО и возможность отслеживания остатков ЛБО;
• Исправлена ошибка вызова интерфейса ввода кодов смет.

Версия 1.4:
• Ещё более упрощена инициализация форм редактирования записей в справочниках;
• Устранена ошибка обновления суммы счетов в окне обзора счетов;
• Добавлена возможность управления лимитами бюджетных обязательств (ЛБО).

Версия 1.3:
• Реализовано полное сохранение состояния окон просмотра справочников и счетов;
• Реализовано изменение и сохранение выбранной ширины столбцов в окнах просмотра счетов и
  справочников;
• Добавлена поддержка формата HTML при сохранении наблюдателя (совместим с MS Excel).
• Улучшена сортировка записей в справочниках при просмотре;
• Изменена и исправлена схема расчёта налогов при создании счетов;
• Установлена иерархия записей в таблице видов расходов по коду бюджетирования;
• Устранены артефакты инициализации форм редактирования записей в справочниках;
• Исправлено суммирование промежуточных позиций в наблюдателе;
• Добавлена функция дублирования параметров существующего счёта в окно создания нового.

Версия 1.2
• Устранены мелкие дефекты в функционировании форм для ввода записей в базу данных; улучшено их
  функционирование;
• Обновлён интерфейс оплаты и просмотра счёта;
• Обновлён интерфейс наблюдателя;
• Исправлены ошибки в функционировании интерфейса поиска счетов;
• Добавлено сохранение параметров отображения окон программы (только просмотр таблиц);
• Добавлено групповое удаление записей таблиц (для несвязанных записей);
• Устранены флуктуации в значениях суммовых счётчиков, возникающие при проведении расчётов;
• Добавлено предварительное суммирование в таблице счетов.

Версия 1.1
• Улучшена визуализация в форме просмотра наблюдателя;
• Обновлена система назначения прав пользователей;
• Исправлены дефекты интерфейса назначения прав пользователей;
• Исправлена ошибка изменения / удаления пользователя, связанная с наличием ссылающихся записей;
• Исправлена ошибка изменения связанных записей;
• Улучшено функционирование интерфейса добавления / обновления счёта;
• Исправлены мелкие дефекты функционирования программы;
• Добавлены новые возможности фильтрации в интерфейс формирования наблюдателя;
• Скорректирована логика формирования наблюдателя (сбор данных ведётся по датам оплаты счетов);
• Добавлен быстрый (по двойному щелчку) просмотр записей в таблице счетов;
• Объединены интерфейсы создания и оплаты счетов.

Версия 1.0
• Базовая структура приложения, базовый интерфейс.
